e:\code\c-extend\visual-studio-compiler\project\console-app-cpp\cheataoe\debug\vc142.pdb
e:\code\c-extend\visual-studio-compiler\project\console-app-cpp\cheataoe\debug\vc142.idb
e:\code\c-extend\visual-studio-compiler\project\console-app-cpp\cheataoe\debug\signature.obj
e:\code\c-extend\visual-studio-compiler\project\console-app-cpp\cheataoe\debug\module.obj
e:\code\c-extend\visual-studio-compiler\project\console-app-cpp\cheataoe\debug\main.obj
e:\code\c-extend\visual-studio-compiler\project\console-app-cpp\cheataoe\debug\process.obj
e:\code\c-extend\visual-studio-compiler\project\console-app-cpp\debug\cheataoe.exe
e:\code\c-extend\visual-studio-compiler\project\console-app-cpp\debug\cheataoe.ilk
e:\code\c-extend\visual-studio-compiler\project\console-app-cpp\debug\cheataoe.pdb
e:\code\c-extend\visual-studio-compiler\project\console-app-cpp\cheataoe\debug\cheataoe.tlog\cl.command.1.tlog
e:\code\c-extend\visual-studio-compiler\project\console-app-cpp\cheataoe\debug\cheataoe.tlog\cl.read.1.tlog
e:\code\c-extend\visual-studio-compiler\project\console-app-cpp\cheataoe\debug\cheataoe.tlog\cl.write.1.tlog
e:\code\c-extend\visual-studio-compiler\project\console-app-cpp\cheataoe\debug\cheataoe.tlog\link-cvtres.read.1.tlog
e:\code\c-extend\visual-studio-compiler\project\console-app-cpp\cheataoe\debug\cheataoe.tlog\link-cvtres.write.1.tlog
e:\code\c-extend\visual-studio-compiler\project\console-app-cpp\cheataoe\debug\cheataoe.tlog\link-rc.read.1.tlog
e:\code\c-extend\visual-studio-compiler\project\console-app-cpp\cheataoe\debug\cheataoe.tlog\link-rc.write.1.tlog
e:\code\c-extend\visual-studio-compiler\project\console-app-cpp\cheataoe\debug\cheataoe.tlog\link.24504-cvtres.read.1.tlog
e:\code\c-extend\visual-studio-compiler\project\console-app-cpp\cheataoe\debug\cheataoe.tlog\link.24504-cvtres.write.1.tlog
e:\code\c-extend\visual-studio-compiler\project\console-app-cpp\cheataoe\debug\cheataoe.tlog\link.24504-rc.read.1.tlog
e:\code\c-extend\visual-studio-compiler\project\console-app-cpp\cheataoe\debug\cheataoe.tlog\link.24504-rc.write.1.tlog
e:\code\c-extend\visual-studio-compiler\project\console-app-cpp\cheataoe\debug\cheataoe.tlog\link.24504.read.1.tlog
e:\code\c-extend\visual-studio-compiler\project\console-app-cpp\cheataoe\debug\cheataoe.tlog\link.24504.write.1.tlog
e:\code\c-extend\visual-studio-compiler\project\console-app-cpp\cheataoe\debug\cheataoe.tlog\link.command.1.tlog
e:\code\c-extend\visual-studio-compiler\project\console-app-cpp\cheataoe\debug\cheataoe.tlog\link.read.1.tlog
e:\code\c-extend\visual-studio-compiler\project\console-app-cpp\cheataoe\debug\cheataoe.tlog\link.write.1.tlog
